<?xml version="1.0" encoding="UTF-8"?>
<testng-results ignored="0" total="2" passed="2" failed="0" skipped="0">
  <reporter-output>
  </reporter-output>
  <suite started-at="2021-06-10T01:12:54 IST" name="Suite" finished-at="2021-06-10T01:12:54 IST" duration-ms="61">
    <groups>
    </groups>
    <test started-at="2021-06-10T01:12:54 IST" name="Test" finished-at="2021-06-10T01:12:54 IST" duration-ms="61">
      <class name="listeners.LoginTest">
        <test-method signature="loginwithEmail()[pri:0, instance:listeners.LoginTest@2e3967ea]" started-at="2021-06-10T01:12:54 IST" name="loginwithEmail" finished-at="2021-06-10T01:12:54 IST" duration-ms="9" status="PASS">
          <reporter-output>
          </reporter-output>
        </test-method> <!-- loginwithEmail -->
        <test-method signature="loginwithFacebook()[pri:0, instance:listeners.LoginTest@2e3967ea]" started-at="2021-06-10T01:12:54 IST" name="loginwithFacebook" finished-at="2021-06-10T01:12:54 IST" duration-ms="2" status="PASS">
          <reporter-output>
          </reporter-output>
        </test-method> <!-- loginwithFacebook -->
      </class> <!-- listeners.LoginTest -->
    </test> <!-- Test -->
  </suite> <!-- Suite -->
</testng-results>
